c:\users\robotic's club\documents\battle_cats_save_file_editor_gui\x64\debug\vc143.pdb
c:\users\robotic's club\documents\battle_cats_save_file_editor_gui\x64\debug\vc143.idb
c:\users\robotic's club\documents\battle_cats_save_file_editor_gui\x64\debug\application.obj
c:\users\robotic's club\documents\battle_cats_save_file_editor_gui\x64\debug\rendermain.obj
c:\users\robotic's club\documents\battle_cats_save_file_editor_gui\x64\debug\textures.obj
c:\users\robotic's club\documents\battle_cats_save_file_editor_gui\x64\debug\battle_cats_save_file_editor_gui.pdb
c:\users\robotic's club\documents\battle_cats_save_file_editor_gui\x64\debug\battle_c.5b40c78d.tlog\cl.command.1.tlog
c:\users\robotic's club\documents\battle_cats_save_file_editor_gui\x64\debug\battle_c.5b40c78d.tlog\cl.read.1.tlog
c:\users\robotic's club\documents\battle_cats_save_file_editor_gui\x64\debug\battle_c.5b40c78d.tlog\cl.write.1.tlog
c:\users\robotic's club\documents\battle_cats_save_file_editor_gui\x64\debug\battle_c.5b40c78d.tlog\link-cvtres.read.1.tlog
c:\users\robotic's club\documents\battle_cats_save_file_editor_gui\x64\debug\battle_c.5b40c78d.tlog\link-cvtres.write.1.tlog
c:\users\robotic's club\documents\battle_cats_save_file_editor_gui\x64\debug\battle_c.5b40c78d.tlog\link-rc.read.1.tlog
c:\users\robotic's club\documents\battle_cats_save_file_editor_gui\x64\debug\battle_c.5b40c78d.tlog\link-rc.write.1.tlog
c:\users\robotic's club\documents\battle_cats_save_file_editor_gui\x64\debug\battle_c.5b40c78d.tlog\link.6728-cvtres.read.1.tlog
c:\users\robotic's club\documents\battle_cats_save_file_editor_gui\x64\debug\battle_c.5b40c78d.tlog\link.6728-cvtres.write.1.tlog
c:\users\robotic's club\documents\battle_cats_save_file_editor_gui\x64\debug\battle_c.5b40c78d.tlog\link.6728-rc.read.1.tlog
c:\users\robotic's club\documents\battle_cats_save_file_editor_gui\x64\debug\battle_c.5b40c78d.tlog\link.6728-rc.write.1.tlog
c:\users\robotic's club\documents\battle_cats_save_file_editor_gui\x64\debug\battle_c.5b40c78d.tlog\link.6728.read.1.tlog
c:\users\robotic's club\documents\battle_cats_save_file_editor_gui\x64\debug\battle_c.5b40c78d.tlog\link.6728.read.2.tlog
c:\users\robotic's club\documents\battle_cats_save_file_editor_gui\x64\debug\battle_c.5b40c78d.tlog\link.6728.write.1.tlog
c:\users\robotic's club\documents\battle_cats_save_file_editor_gui\x64\debug\battle_c.5b40c78d.tlog\link.command.1.tlog
c:\users\robotic's club\documents\battle_cats_save_file_editor_gui\x64\debug\battle_c.5b40c78d.tlog\link.read.1.tlog
c:\users\robotic's club\documents\battle_cats_save_file_editor_gui\x64\debug\battle_c.5b40c78d.tlog\link.read.2.tlog
c:\users\robotic's club\documents\battle_cats_save_file_editor_gui\x64\debug\battle_c.5b40c78d.tlog\link.write.1.tlog
